<?xml version="1.0" encoding="UTF-8"?>
<!-- Generated by org.testng.reporters.JUnitReportReporter -->
<testsuite hostname="MBA-C02F18L0Q6L4" failures="0" tests="2" name="tests.api.tests.ProjectApiTest" time="2.939" errors="0" timestamp="2025-01-22T20:33:44 AZT" skipped="0">
  <testcase classname="tests.api.tests.ProjectApiTest" name="testCreateProject" time="1.784"/>
  <testcase classname="tests.api.tests.ProjectApiTest" name="testDeleteProject" time="1.155"/>
</testsuite> <!-- tests.api.tests.ProjectApiTest -->
